g:\onedrive\documents\university\modules 9 - 10\object-oriented programming\final project\dj application\newproject\dj-application\builds\visualstudio2022\x64\debug\app\include_juce_graphics.obj
g:\onedrive\documents\university\modules 9 - 10\object-oriented programming\final project\dj application\newproject\dj-application\builds\visualstudio2022\x64\debug\app\include_juce_audio_utils.obj
g:\onedrive\documents\university\modules 9 - 10\object-oriented programming\final project\dj application\newproject\dj-application\builds\visualstudio2022\x64\debug\app\include_juce_audio_formats.obj
g:\onedrive\documents\university\modules 9 - 10\object-oriented programming\final project\dj application\newproject\dj-application\builds\visualstudio2022\x64\debug\app\include_juce_core.obj
g:\onedrive\documents\university\modules 9 - 10\object-oriented programming\final project\dj application\newproject\dj-application\builds\visualstudio2022\x64\debug\app\include_juce_gui_extra.obj
g:\onedrive\documents\university\modules 9 - 10\object-oriented programming\final project\dj application\newproject\dj-application\builds\visualstudio2022\x64\debug\app\include_juce_audio_basics.obj
g:\onedrive\documents\university\modules 9 - 10\object-oriented programming\final project\dj application\newproject\dj-application\builds\visualstudio2022\x64\debug\app\include_juce_audio_processors_ara.obj
g:\onedrive\documents\university\modules 9 - 10\object-oriented programming\final project\dj application\newproject\dj-application\builds\visualstudio2022\x64\debug\app\include_juce_events.obj
g:\onedrive\documents\university\modules 9 - 10\object-oriented programming\final project\dj application\newproject\dj-application\builds\visualstudio2022\x64\debug\app\include_juce_audio_processors_lv2_libs.obj
g:\onedrive\documents\university\modules 9 - 10\object-oriented programming\final project\dj application\newproject\dj-application\builds\visualstudio2022\x64\debug\app\include_juce_audio_devices.obj
g:\onedrive\documents\university\modules 9 - 10\object-oriented programming\final project\dj application\newproject\dj-application\builds\visualstudio2022\x64\debug\app\include_juce_data_structures.obj
g:\onedrive\documents\university\modules 9 - 10\object-oriented programming\final project\dj application\newproject\dj-application\builds\visualstudio2022\x64\debug\app\include_juce_audio_processors.obj
g:\onedrive\documents\university\modules 9 - 10\object-oriented programming\final project\dj application\newproject\dj-application\builds\visualstudio2022\x64\debug\app\include_juce_gui_basics.obj
g:\onedrive\documents\university\modules 9 - 10\object-oriented programming\final project\dj application\newproject\dj-application\builds\visualstudio2022\x64\debug\app\newproject.pdb
g:\onedrive\documents\university\modules 9 - 10\object-oriented programming\final project\dj application\newproject\dj-application\builds\visualstudio2022\x64\debug\app\main.obj
g:\onedrive\documents\university\modules 9 - 10\object-oriented programming\final project\dj application\newproject\builds\visualstudio2022\x64\debug\app\newproject.exe
g:\onedrive\documents\university\modules 9 - 10\object-oriented programming\final project\dj application\newproject\builds\visualstudio2022\x64\debug\app\newproject.ilk
g:\onedrive\documents\university\modules 9 - 10\object-oriented programming\final project\dj application\newproject\builds\visualstudio2022\x64\debug\app\newproject.pdb
g:\onedrive\documents\university\modules 9 - 10\object-oriented programming\final project\dj application\newproject\dj-application\builds\visualstudio2022\x64\debug\app\newproject.exe
g:\onedrive\documents\university\modules 9 - 10\object-oriented programming\final project\dj application\newproject\dj-application\builds\visualstudio2022\x64\debug\app\newproject.ilk
g:\onedrive\documents\university\modules 9 - 10\object-oriented programming\final project\dj application\newproject\builds\visualstudio2022\x64\debug\app\resources.res
g:\onedrive\documents\university\modules 9 - 10\object-oriented programming\final project\dj application\newproject\dj-application\builds\visualstudio2022\x64\debug\app\resources.res
g:\onedrive\documents\university\modules 9 - 10\object-oriented programming\final project\dj application\newproject\dj-application\builds\visualstudio2022\x64\debug\app\newproject_app.tlog\cl.command.1.tlog
g:\onedrive\documents\university\modules 9 - 10\object-oriented programming\final project\dj application\newproject\dj-application\builds\visualstudio2022\x64\debug\app\newproject_app.tlog\cl.items.tlog
g:\onedrive\documents\university\modules 9 - 10\object-oriented programming\final project\dj application\newproject\dj-application\builds\visualstudio2022\x64\debug\app\newproject_app.tlog\cl.read.1.tlog
g:\onedrive\documents\university\modules 9 - 10\object-oriented programming\final project\dj application\newproject\dj-application\builds\visualstudio2022\x64\debug\app\newproject_app.tlog\cl.write.1.tlog
g:\onedrive\documents\university\modules 9 - 10\object-oriented programming\final project\dj application\newproject\dj-application\builds\visualstudio2022\x64\debug\app\newproject_app.tlog\link.command.1.tlog
g:\onedrive\documents\university\modules 9 - 10\object-oriented programming\final project\dj application\newproject\dj-application\builds\visualstudio2022\x64\debug\app\newproject_app.tlog\link.read.1.tlog
g:\onedrive\documents\university\modules 9 - 10\object-oriented programming\final project\dj application\newproject\dj-application\builds\visualstudio2022\x64\debug\app\newproject_app.tlog\link.write.1.tlog
g:\onedrive\documents\university\modules 9 - 10\object-oriented programming\final project\dj application\newproject\dj-application\builds\visualstudio2022\x64\debug\app\newproject_app.tlog\rc.command.1.tlog
g:\onedrive\documents\university\modules 9 - 10\object-oriented programming\final project\dj application\newproject\dj-application\builds\visualstudio2022\x64\debug\app\newproject_app.tlog\rc.read.1.tlog
g:\onedrive\documents\university\modules 9 - 10\object-oriented programming\final project\dj application\newproject\dj-application\builds\visualstudio2022\x64\debug\app\newproject_app.tlog\rc.write.1.tlog
